21-08-2020 08:49:18  INFO 887 --- [           main] runsystem.vn.kotlin.KotlinApplicationKt  : Starting KotlinApplicationKt on Nguyens-MacBook-Pro.local with PID 887 (/Users/nguyenhoanghiep/Downloads/kotlin/build/classes/kotlin/main started by nguyenhoanghiep in /Users/nguyenhoanghiep/Downloads/kotlin)
21-08-2020 08:49:18  INFO 887 --- [           main] runsystem.vn.kotlin.KotlinApplicationKt  : The following profiles are active: dev
21-08-2020 08:49:22  INFO 887 --- [           main] runsystem.vn.kotlin.KotlinApplicationKt  : Started KotlinApplicationKt in 4.903 seconds (JVM running for 5.892)
21-08-2020 08:49:37  INFO 887 --- [nio-8081-exec-1] runsystem.vn.kotlin.LoggingService       : REQUEST method=[POST] path=[/api/v1/add] body=[{"name":"hahahaha","address":"Hà Nội","age":11}]
21-08-2020 08:49:38  INFO 887 --- [nio-8081-exec-1] runsystem.vn.kotlin.LoggingService       : RESPONSE method=[POST] path=[/api/v1/add] responseHeaders=[{}] responseBody=[{"result":"NG","code":"1111","message":"こんにちは世12界33"}] 
21-08-2020 08:50:34  INFO 2561 --- [           main] runsystem.vn.kotlin.KotlinApplicationKt  : Starting KotlinApplicationKt on Nguyens-MacBook-Pro.local with PID 2561 (/Users/nguyenhoanghiep/Downloads/kotlin/build/classes/kotlin/main started by nguyenhoanghiep in /Users/nguyenhoanghiep/Downloads/kotlin)
21-08-2020 08:50:34  INFO 2561 --- [           main] runsystem.vn.kotlin.KotlinApplicationKt  : The following profiles are active: dev
21-08-2020 08:50:39  INFO 2561 --- [           main] runsystem.vn.kotlin.KotlinApplicationKt  : Started KotlinApplicationKt in 5.512 seconds (JVM running for 6.561)
21-08-2020 08:51:04  INFO 2561 --- [nio-8081-exec-1] runsystem.vn.kotlin.LoggingService       : REQUEST method=[POST] path=[/api/v1/add] body=[{"name":"hahahaha","address":"Hà Nội","age":11}]
21-08-2020 08:51:04  INFO 2561 --- [nio-8081-exec-1] runsystem.vn.kotlin.LoggingService       : RESPONSE method=[POST] path=[/api/v1/add] responseHeaders=[{}] responseBody=[{"result":"NG","code":"1111","message":"こんにちは世12界33"}] 
21-08-2020 08:52:56  INFO 2561 --- [nio-8081-exec-2] runsystem.vn.kotlin.LoggingService       : REQUEST method=[POST] path=[/api/v1/add] body=[{"name":"hahahaha","address":"Hà Nội","age":11}]
21-08-2020 08:52:56  INFO 2561 --- [nio-8081-exec-2] runsystem.vn.kotlin.LoggingService       : RESPONSE method=[POST] path=[/api/v1/add] responseHeaders=[{}] responseBody=[{"result":"NG","code":"11111","message":"","fieldErrors":[{"field":"age","message":"Please, insert an age above 0 years old"}]}] 
21-08-2020 08:53:45  INFO 2711 --- [           main] runsystem.vn.kotlin.KotlinApplicationKt  : Starting KotlinApplicationKt on Nguyens-MacBook-Pro.local with PID 2711 (/Users/nguyenhoanghiep/Downloads/kotlin/build/classes/kotlin/main started by nguyenhoanghiep in /Users/nguyenhoanghiep/Downloads/kotlin)
21-08-2020 08:53:45  INFO 2711 --- [           main] runsystem.vn.kotlin.KotlinApplicationKt  : The following profiles are active: dev
21-08-2020 08:53:49  INFO 2711 --- [           main] runsystem.vn.kotlin.KotlinApplicationKt  : Started KotlinApplicationKt in 4.494 seconds (JVM running for 5.535)
21-08-2020 08:53:56  INFO 2711 --- [nio-8081-exec-1] runsystem.vn.kotlin.LoggingService       : REQUEST method=[POST] path=[/api/v1/add] body=[{"name":"hahahaha","address":"Hà Nội","age":11}]
21-08-2020 08:53:57  INFO 2711 --- [nio-8081-exec-1] runsystem.vn.kotlin.LoggingService       : RESPONSE method=[POST] path=[/api/v1/add] responseHeaders=[{}] responseBody=[{"result":"NG","code":"11111","message":"","fieldErrors":[{"field":"age","message":"Please, insert an age above 11 years old"}]}] 
21-08-2020 08:54:40  INFO 2733 --- [           main] runsystem.vn.kotlin.KotlinApplicationKt  : Starting KotlinApplicationKt on Nguyens-MacBook-Pro.local with PID 2733 (/Users/nguyenhoanghiep/Downloads/kotlin/build/classes/kotlin/main started by nguyenhoanghiep in /Users/nguyenhoanghiep/Downloads/kotlin)
21-08-2020 08:54:40  INFO 2733 --- [           main] runsystem.vn.kotlin.KotlinApplicationKt  : The following profiles are active: dev
21-08-2020 08:54:43  INFO 2733 --- [           main] runsystem.vn.kotlin.KotlinApplicationKt  : Started KotlinApplicationKt in 4.015 seconds (JVM running for 5.026)
21-08-2020 08:54:58  INFO 2733 --- [nio-8081-exec-1] runsystem.vn.kotlin.LoggingService       : REQUEST method=[POST] path=[/api/v1/add] body=[{"name":"hahahaha","address":"Hà Nội","age":11}]
21-08-2020 08:54:58  INFO 2733 --- [nio-8081-exec-1] runsystem.vn.kotlin.LoggingService       : RESPONSE method=[POST] path=[/api/v1/add] responseHeaders=[{}] responseBody=[{"result":"NG","code":"1111","message":"こんにちは世12界33"}] 
21-08-2020 08:59:25  INFO 2826 --- [           main] runsystem.vn.kotlin.KotlinApplicationKt  : Starting KotlinApplicationKt on Nguyens-MacBook-Pro.local with PID 2826 (/Users/nguyenhoanghiep/Downloads/kotlin/build/classes/kotlin/main started by nguyenhoanghiep in /Users/nguyenhoanghiep/Downloads/kotlin)
21-08-2020 08:59:25  INFO 2826 --- [           main] runsystem.vn.kotlin.KotlinApplicationKt  : The following profiles are active: dev
21-08-2020 08:59:28  INFO 2826 --- [           main] runsystem.vn.kotlin.KotlinApplicationKt  : Started KotlinApplicationKt in 4.486 seconds (JVM running for 6.55)
21-08-2020 08:59:32  INFO 2826 --- [nio-8081-exec-1] runsystem.vn.kotlin.LoggingService       : REQUEST method=[POST] path=[/api/v1/add] body=[{"name":"hahahaha","address":"Hà Nội","age":11}]
21-08-2020 08:59:32  INFO 2826 --- [nio-8081-exec-1] runsystem.vn.kotlin.LoggingService       : RESPONSE method=[POST] path=[/api/v1/add] responseHeaders=[{}] responseBody=[{"result":"NG","code":"11111","message":"","fieldErrors":[{"field":"age","message":"Please, insert an age above 11 years old"}]}] 
21-08-2020 09:01:12  INFO 2861 --- [           main] runsystem.vn.kotlin.KotlinApplicationKt  : Starting KotlinApplicationKt on Nguyens-MacBook-Pro.local with PID 2861 (/Users/nguyenhoanghiep/Downloads/kotlin/build/classes/kotlin/main started by nguyenhoanghiep in /Users/nguyenhoanghiep/Downloads/kotlin)
21-08-2020 09:01:12  INFO 2861 --- [           main] runsystem.vn.kotlin.KotlinApplicationKt  : The following profiles are active: dev
21-08-2020 09:01:15  INFO 2861 --- [           main] runsystem.vn.kotlin.KotlinApplicationKt  : Started KotlinApplicationKt in 5.017 seconds (JVM running for 5.862)
21-08-2020 09:01:49  INFO 2861 --- [nio-8081-exec-1] runsystem.vn.kotlin.LoggingService       : REQUEST method=[POST] path=[/api/v1/add] body=[{"name":"hahahaha","address":"Hà Nội","age":11}]
21-08-2020 09:01:49  INFO 2861 --- [nio-8081-exec-1] runsystem.vn.kotlin.LoggingService       : RESPONSE method=[POST] path=[/api/v1/add] responseHeaders=[{}] responseBody=[{"result":"NG","code":"11111","message":"","fieldErrors":[{"field":"age","message":"Please, insert an age above 11 years old"}]}] 
21-08-2020 09:14:44  INFO 3003 --- [           main] runsystem.vn.kotlin.KotlinApplicationKt  : Starting KotlinApplicationKt on Nguyens-MacBook-Pro.local with PID 3003 (/Users/nguyenhoanghiep/Downloads/kotlin/build/classes/kotlin/main started by nguyenhoanghiep in /Users/nguyenhoanghiep/Downloads/kotlin)
21-08-2020 09:14:44  INFO 3003 --- [           main] runsystem.vn.kotlin.KotlinApplicationKt  : The following profiles are active: dev
21-08-2020 09:14:47  INFO 3003 --- [           main] runsystem.vn.kotlin.KotlinApplicationKt  : Started KotlinApplicationKt in 3.939 seconds (JVM running for 5.136)
21-08-2020 09:14:52  INFO 3003 --- [nio-8081-exec-1] runsystem.vn.kotlin.LoggingService       : REQUEST method=[POST] path=[/api/v1/add] body=[{"name":"hahahaha","address":"Hà Nội","age":11}]
21-08-2020 09:14:53  INFO 3003 --- [nio-8081-exec-1] runsystem.vn.kotlin.LoggingService       : RESPONSE method=[POST] path=[/api/v1/add] responseHeaders=[{}] responseBody=[{"result":"NG","code":"1111","message":"Hello World"}] 
21-08-2020 09:15:32  INFO 3015 --- [           main] runsystem.vn.kotlin.KotlinApplicationKt  : Starting KotlinApplicationKt on Nguyens-MacBook-Pro.local with PID 3015 (/Users/nguyenhoanghiep/Downloads/kotlin/build/classes/kotlin/main started by nguyenhoanghiep in /Users/nguyenhoanghiep/Downloads/kotlin)
21-08-2020 09:15:32  INFO 3015 --- [           main] runsystem.vn.kotlin.KotlinApplicationKt  : The following profiles are active: dev
21-08-2020 09:15:35  INFO 3015 --- [           main] runsystem.vn.kotlin.KotlinApplicationKt  : Started KotlinApplicationKt in 3.743 seconds (JVM running for 4.62)
21-08-2020 09:15:42  INFO 3015 --- [nio-8081-exec-1] runsystem.vn.kotlin.LoggingService       : REQUEST method=[POST] path=[/api/v1/add] body=[{"name":"hahahaha","address":"Hà Nội","age":11}]
21-08-2020 09:15:42  INFO 3015 --- [nio-8081-exec-1] runsystem.vn.kotlin.LoggingService       : RESPONSE method=[POST] path=[/api/v1/add] responseHeaders=[{}] responseBody=[{"result":"NG","code":"11111","message":"","fieldErrors":[{"field":"age","message":"Please, insert an age above 11 years old"}]}] 
21-08-2020 09:16:06  INFO 3022 --- [           main] runsystem.vn.kotlin.KotlinApplicationKt  : Starting KotlinApplicationKt on Nguyens-MacBook-Pro.local with PID 3022 (/Users/nguyenhoanghiep/Downloads/kotlin/build/classes/kotlin/main started by nguyenhoanghiep in /Users/nguyenhoanghiep/Downloads/kotlin)
21-08-2020 09:16:06  INFO 3022 --- [           main] runsystem.vn.kotlin.KotlinApplicationKt  : The following profiles are active: dev
21-08-2020 09:16:09  INFO 3022 --- [           main] runsystem.vn.kotlin.KotlinApplicationKt  : Started KotlinApplicationKt in 3.385 seconds (JVM running for 3.99)
21-08-2020 09:16:14  INFO 3022 --- [nio-8081-exec-1] runsystem.vn.kotlin.LoggingService       : REQUEST method=[POST] path=[/api/v1/add] body=[{"name":"hahahaha","address":"Hà Nội","age":11}]
21-08-2020 09:16:14  INFO 3022 --- [nio-8081-exec-1] runsystem.vn.kotlin.LoggingService       : RESPONSE method=[POST] path=[/api/v1/add] responseHeaders=[{}] responseBody=[{"result":"NG","code":"11111","message":"","fieldErrors":[{"field":"age","message":"Please, insert an age above 11 years old"}]}] 
21-08-2020 09:17:19  INFO 3085 --- [           main] runsystem.vn.kotlin.KotlinApplicationKt  : Starting KotlinApplicationKt on Nguyens-MacBook-Pro.local with PID 3085 (/Users/nguyenhoanghiep/Downloads/kotlin/build/classes/kotlin/main started by nguyenhoanghiep in /Users/nguyenhoanghiep/Downloads/kotlin)
21-08-2020 09:17:19  INFO 3085 --- [           main] runsystem.vn.kotlin.KotlinApplicationKt  : The following profiles are active: dev
21-08-2020 09:17:23  INFO 3085 --- [           main] runsystem.vn.kotlin.KotlinApplicationKt  : Started KotlinApplicationKt in 4.033 seconds (JVM running for 5.342)
21-08-2020 09:18:00  INFO 3085 --- [nio-8081-exec-1] runsystem.vn.kotlin.LoggingService       : REQUEST method=[POST] path=[/api/v1/add] body=[{"name":"hahahaha","address":"Hà Nội","age":11}]
21-08-2020 09:18:00  INFO 3085 --- [nio-8081-exec-1] runsystem.vn.kotlin.LoggingService       : RESPONSE method=[POST] path=[/api/v1/add] responseHeaders=[{}] responseBody=[{"result":"NG","code":"11111","message":"","fieldErrors":[{"field":"age","message":"Please, insert an age above 11 years old"}]}] 
21-08-2020 09:22:41  INFO 3132 --- [           main] runsystem.vn.kotlin.KotlinApplicationKt  : Starting KotlinApplicationKt on Nguyens-MacBook-Pro.local with PID 3132 (/Users/nguyenhoanghiep/Downloads/kotlin/build/classes/kotlin/main started by nguyenhoanghiep in /Users/nguyenhoanghiep/Downloads/kotlin)
21-08-2020 09:22:41  INFO 3132 --- [           main] runsystem.vn.kotlin.KotlinApplicationKt  : The following profiles are active: dev
21-08-2020 09:22:44  INFO 3132 --- [           main] runsystem.vn.kotlin.KotlinApplicationKt  : Started KotlinApplicationKt in 3.944 seconds (JVM running for 5.454)
21-08-2020 09:23:12  INFO 3132 --- [nio-8081-exec-1] runsystem.vn.kotlin.LoggingService       : RESPONSE method=[POST] path=[/api/v1/add] responseHeaders=[{}] responseBody=[{"result":"NG","code":"1111","message":"Hello World"}] 
21-08-2020 09:23:55  INFO 3153 --- [           main] runsystem.vn.kotlin.KotlinApplicationKt  : Starting KotlinApplicationKt on Nguyens-MacBook-Pro.local with PID 3153 (/Users/nguyenhoanghiep/Downloads/kotlin/build/classes/kotlin/main started by nguyenhoanghiep in /Users/nguyenhoanghiep/Downloads/kotlin)
21-08-2020 09:23:55  INFO 3153 --- [           main] runsystem.vn.kotlin.KotlinApplicationKt  : The following profiles are active: dev
21-08-2020 09:23:58  INFO 3153 --- [           main] runsystem.vn.kotlin.KotlinApplicationKt  : Started KotlinApplicationKt in 3.732 seconds (JVM running for 4.389)
21-08-2020 09:24:01  INFO 3153 --- [nio-8081-exec-1] runsystem.vn.kotlin.LoggingService       : RESPONSE method=[POST] path=[/api/v1/add] responseHeaders=[{}] responseBody=[{"result":"NG","code":"1111","message":"Hello World"}] 
21-08-2020 09:24:24  INFO 3162 --- [           main] runsystem.vn.kotlin.KotlinApplicationKt  : Starting KotlinApplicationKt on Nguyens-MacBook-Pro.local with PID 3162 (/Users/nguyenhoanghiep/Downloads/kotlin/build/classes/kotlin/main started by nguyenhoanghiep in /Users/nguyenhoanghiep/Downloads/kotlin)
21-08-2020 09:24:24  INFO 3162 --- [           main] runsystem.vn.kotlin.KotlinApplicationKt  : The following profiles are active: dev
21-08-2020 09:24:28  INFO 3162 --- [           main] runsystem.vn.kotlin.KotlinApplicationKt  : Started KotlinApplicationKt in 3.815 seconds (JVM running for 5.496)
21-08-2020 09:24:48  INFO 3162 --- [nio-8081-exec-1] runsystem.vn.kotlin.LoggingService       : RESPONSE method=[POST] path=[/api/v1/add] responseHeaders=[{}] responseBody=[{"result":"NG","code":"1111","message":"Hello World"}] 
21-08-2020 09:25:47  INFO 3184 --- [           main] runsystem.vn.kotlin.KotlinApplicationKt  : Starting KotlinApplicationKt on Nguyens-MacBook-Pro.local with PID 3184 (/Users/nguyenhoanghiep/Downloads/kotlin/build/classes/kotlin/main started by nguyenhoanghiep in /Users/nguyenhoanghiep/Downloads/kotlin)
21-08-2020 09:25:47  INFO 3184 --- [           main] runsystem.vn.kotlin.KotlinApplicationKt  : The following profiles are active: dev
21-08-2020 09:25:50  INFO 3184 --- [           main] runsystem.vn.kotlin.KotlinApplicationKt  : Started KotlinApplicationKt in 3.95 seconds (JVM running for 5.432)
21-08-2020 09:26:14  INFO 3184 --- [nio-8081-exec-1] runsystem.vn.kotlin.LoggingService       : REQUEST method=[POST] path=[/api/v1/add] body=[{"name":"hahahaha","address":"Hà Nội","age":11}]
21-08-2020 09:26:15  INFO 3184 --- [nio-8081-exec-1] runsystem.vn.kotlin.LoggingService       : RESPONSE method=[POST] path=[/api/v1/add] responseHeaders=[{}] responseBody=[{"result":"NG","code":"11111","message":"","fieldErrors":[{"field":"age","message":"Please, insert an age above 11 years old"}]}] 
21-08-2020 09:35:18  INFO 3258 --- [           main] runsystem.vn.kotlin.KotlinApplicationKt  : Starting KotlinApplicationKt on Nguyens-MacBook-Pro.local with PID 3258 (/Users/nguyenhoanghiep/Downloads/kotlin/build/classes/kotlin/main started by nguyenhoanghiep in /Users/nguyenhoanghiep/Downloads/kotlin)
21-08-2020 09:35:18  INFO 3258 --- [           main] runsystem.vn.kotlin.KotlinApplicationKt  : The following profiles are active: dev
21-08-2020 09:35:24  INFO 3258 --- [           main] runsystem.vn.kotlin.KotlinApplicationKt  : Started KotlinApplicationKt in 7.313 seconds (JVM running for 9.246)
21-08-2020 09:35:35  INFO 3258 --- [nio-8081-exec-1] runsystem.vn.kotlin.LoggingService       : RESPONSE method=[POST] path=[/api/v1/add] responseHeaders=[{}] responseBody=[{"result":"NG","code":"1111","message":"Hello World"}] 
21-08-2020 09:39:21  INFO 3317 --- [           main] runsystem.vn.kotlin.KotlinApplicationKt  : Starting KotlinApplicationKt on Nguyens-MacBook-Pro.local with PID 3317 (/Users/nguyenhoanghiep/Downloads/kotlin/build/classes/kotlin/main started by nguyenhoanghiep in /Users/nguyenhoanghiep/Downloads/kotlin)
21-08-2020 09:39:21  INFO 3317 --- [           main] runsystem.vn.kotlin.KotlinApplicationKt  : The following profiles are active: dev
21-08-2020 09:39:25  INFO 3317 --- [           main] runsystem.vn.kotlin.KotlinApplicationKt  : Started KotlinApplicationKt in 4.816 seconds (JVM running for 5.821)
21-08-2020 09:39:28  INFO 3317 --- [nio-8081-exec-1] runsystem.vn.kotlin.LoggingService       : RESPONSE method=[POST] path=[/api/v1/add] responseHeaders=[{}] responseBody=[{"result":"NG","code":"1111","message":"Hello World"}] 
21-08-2020 09:40:00  INFO 3329 --- [           main] runsystem.vn.kotlin.KotlinApplicationKt  : Starting KotlinApplicationKt on Nguyens-MacBook-Pro.local with PID 3329 (/Users/nguyenhoanghiep/Downloads/kotlin/build/classes/kotlin/main started by nguyenhoanghiep in /Users/nguyenhoanghiep/Downloads/kotlin)
21-08-2020 09:40:00  INFO 3329 --- [           main] runsystem.vn.kotlin.KotlinApplicationKt  : The following profiles are active: dev
21-08-2020 09:40:06  INFO 3329 --- [           main] runsystem.vn.kotlin.KotlinApplicationKt  : Started KotlinApplicationKt in 6.57 seconds (JVM running for 8.905)
21-08-2020 09:40:20  INFO 3329 --- [nio-8081-exec-1] runsystem.vn.kotlin.LoggingService       : REQUEST method=[POST] path=[/api/v1/add] parameters=[{lang=ja}] body=[{"name":"hahahaha","address":"Hà Nội","age":11}]
21-08-2020 09:40:20  INFO 3329 --- [nio-8081-exec-1] runsystem.vn.kotlin.LoggingService       : RESPONSE method=[POST] path=[/api/v1/add] responseHeaders=[{}] responseBody=[{"result":"NG","code":"11111","message":"","fieldErrors":[{"field":"age","message":"Please, insert an age above 11 years old"}]}] 
21-08-2020 09:42:43  INFO 3329 --- [nio-8081-exec-2] runsystem.vn.kotlin.LoggingService       : REQUEST method=[POST] path=[/api/v1/add] parameters=[{lang=ja}] body=[{"name":"hahahaha","address":"Hà Nội","age":11}]
21-08-2020 09:42:43  INFO 3329 --- [nio-8081-exec-2] runsystem.vn.kotlin.LoggingService       : RESPONSE method=[POST] path=[/api/v1/add] responseHeaders=[{}] responseBody=[{"result":"NG","code":"1111","message":"こんにちは世12界33"}] 
21-08-2020 09:43:24  INFO 3329 --- [nio-8081-exec-3] runsystem.vn.kotlin.LoggingService       : REQUEST method=[POST] path=[/api/v1/add] body=[{"name":"hahahaha","address":"Hà Nội","age":11}]
21-08-2020 09:43:24  INFO 3329 --- [nio-8081-exec-3] runsystem.vn.kotlin.LoggingService       : RESPONSE method=[POST] path=[/api/v1/add] responseHeaders=[{}] responseBody=[{"result":"NG","code":"1111","message":"こんにちは世12界33"}] 
21-08-2020 09:44:31  INFO 3329 --- [nio-8081-exec-4] runsystem.vn.kotlin.LoggingService       : REQUEST method=[POST] path=[/api/v1/add] body=[{"name":"hahahaha","address":"Hà Nội","age":11}]
21-08-2020 09:44:31  INFO 3329 --- [nio-8081-exec-4] runsystem.vn.kotlin.LoggingService       : RESPONSE method=[POST] path=[/api/v1/add] responseHeaders=[{}] responseBody=[{"result":"NG","code":"1111","message":"Hello World"}] 
21-08-2020 09:44:45  INFO 3329 --- [nio-8081-exec-5] runsystem.vn.kotlin.LoggingService       : REQUEST method=[POST] path=[/api/v1/add] body=[{"name":"hahahaha","address":"Hà Nội","age":11}]
21-08-2020 09:44:45  INFO 3329 --- [nio-8081-exec-5] runsystem.vn.kotlin.LoggingService       : RESPONSE method=[POST] path=[/api/v1/add] responseHeaders=[{}] responseBody=[{"result":"NG","code":"11111","message":"","fieldErrors":[{"field":"age","message":"Please, insert an age above 11 years old"}]}] 
21-08-2020 09:44:56  INFO 3329 --- [nio-8081-exec-6] runsystem.vn.kotlin.LoggingService       : REQUEST method=[POST] path=[/api/v1/add] body=[{"name":"hahahaha","address":"Hà Nội","age":11}]
21-08-2020 09:44:56  INFO 3329 --- [nio-8081-exec-6] runsystem.vn.kotlin.LoggingService       : RESPONSE method=[POST] path=[/api/v1/add] responseHeaders=[{}] responseBody=[{"result":"NG","code":"11111","message":"","fieldErrors":[{"field":"age","message":"Please, insert an age above 11 years old"}]}] 
21-08-2020 09:45:22  INFO 3384 --- [           main] runsystem.vn.kotlin.KotlinApplicationKt  : Starting KotlinApplicationKt on Nguyens-MacBook-Pro.local with PID 3384 (/Users/nguyenhoanghiep/Downloads/kotlin/build/classes/kotlin/main started by nguyenhoanghiep in /Users/nguyenhoanghiep/Downloads/kotlin)
21-08-2020 09:45:22  INFO 3384 --- [           main] runsystem.vn.kotlin.KotlinApplicationKt  : The following profiles are active: dev
21-08-2020 09:45:25  INFO 3384 --- [           main] runsystem.vn.kotlin.KotlinApplicationKt  : Started KotlinApplicationKt in 3.757 seconds (JVM running for 4.531)
21-08-2020 09:45:37  INFO 3384 --- [nio-8081-exec-1] runsystem.vn.kotlin.LoggingService       : REQUEST method=[POST] path=[/api/v1/add] body=[{"name":"hahahaha","address":"Hà Nội","age":11}]
21-08-2020 09:45:37  INFO 3384 --- [nio-8081-exec-1] runsystem.vn.kotlin.LoggingService       : RESPONSE method=[POST] path=[/api/v1/add] responseHeaders=[{}] responseBody=[{"result":"NG","code":"11111","message":"","fieldErrors":[{"field":"age","message":"Please, insert an age above 11 years old"}]}] 
21-08-2020 09:46:41  INFO 3426 --- [           main] runsystem.vn.kotlin.KotlinApplicationKt  : Starting KotlinApplicationKt on Nguyens-MacBook-Pro.local with PID 3426 (/Users/nguyenhoanghiep/Downloads/kotlin/build/classes/kotlin/main started by nguyenhoanghiep in /Users/nguyenhoanghiep/Downloads/kotlin)
21-08-2020 09:46:41  INFO 3426 --- [           main] runsystem.vn.kotlin.KotlinApplicationKt  : The following profiles are active: dev
21-08-2020 09:46:44  INFO 3426 --- [           main] runsystem.vn.kotlin.KotlinApplicationKt  : Started KotlinApplicationKt in 4.008 seconds (JVM running for 5.171)
21-08-2020 09:46:48  INFO 3426 --- [nio-8081-exec-1] runsystem.vn.kotlin.LoggingService       : RESPONSE method=[POST] path=[/api/v1/add] responseHeaders=[{}] responseBody=[{"result":"NG","code":"1111","message":"Hello World"}] 
21-08-2020 09:46:52  INFO 3426 --- [nio-8081-exec-2] runsystem.vn.kotlin.LoggingService       : RESPONSE method=[POST] path=[/api/v1/add] responseHeaders=[{}] responseBody=[{"result":"NG","code":"1111","message":"Hello World"}] 
21-08-2020 09:47:45  INFO 3451 --- [           main] runsystem.vn.kotlin.KotlinApplicationKt  : Starting KotlinApplicationKt on Nguyens-MacBook-Pro.local with PID 3451 (/Users/nguyenhoanghiep/Downloads/kotlin/build/classes/kotlin/main started by nguyenhoanghiep in /Users/nguyenhoanghiep/Downloads/kotlin)
21-08-2020 09:47:45  INFO 3451 --- [           main] runsystem.vn.kotlin.KotlinApplicationKt  : The following profiles are active: dev
21-08-2020 09:47:48  INFO 3451 --- [           main] runsystem.vn.kotlin.KotlinApplicationKt  : Started KotlinApplicationKt in 3.924 seconds (JVM running for 5.237)
21-08-2020 09:47:54  INFO 3451 --- [nio-8081-exec-1] runsystem.vn.kotlin.LoggingService       : RESPONSE method=[POST] path=[/api/v1/add] responseHeaders=[{}] responseBody=[{"result":"NG","code":"1111","message":"こんにちは世12界33"}] 
21-08-2020 09:48:02  INFO 3451 --- [nio-8081-exec-2] runsystem.vn.kotlin.LoggingService       : REQUEST method=[POST] path=[/api/v1/add] body=[{"name":"hahahaha","address":"Hà Nội","age":11}]
21-08-2020 09:48:02  INFO 3451 --- [nio-8081-exec-2] runsystem.vn.kotlin.LoggingService       : RESPONSE method=[POST] path=[/api/v1/add] responseHeaders=[{}] responseBody=[{"result":"NG","code":"11111","message":"","fieldErrors":[{"field":"age","message":"Please, insert an age above 11 years old"}]}] 
21-08-2020 10:08:11  INFO 3548 --- [           main] runsystem.vn.kotlin.KotlinApplicationKt  : Starting KotlinApplicationKt on Nguyens-MacBook-Pro.local with PID 3548 (/Users/nguyenhoanghiep/Downloads/kotlin/build/classes/kotlin/main started by nguyenhoanghiep in /Users/nguyenhoanghiep/Downloads/kotlin)
21-08-2020 10:08:11  INFO 3548 --- [           main] runsystem.vn.kotlin.KotlinApplicationKt  : The following profiles are active: dev
21-08-2020 10:08:17  INFO 3548 --- [           main] runsystem.vn.kotlin.KotlinApplicationKt  : Started KotlinApplicationKt in 6.827 seconds (JVM running for 8.131)
21-08-2020 10:08:31  INFO 3551 --- [           main] runsystem.vn.kotlin.KotlinApplicationKt  : Starting KotlinApplicationKt on Nguyens-MacBook-Pro.local with PID 3551 (/Users/nguyenhoanghiep/Downloads/kotlin/build/classes/kotlin/main started by nguyenhoanghiep in /Users/nguyenhoanghiep/Downloads/kotlin)
21-08-2020 10:08:31  INFO 3551 --- [           main] runsystem.vn.kotlin.KotlinApplicationKt  : The following profiles are active: dev
21-08-2020 10:08:35  INFO 3551 --- [           main] runsystem.vn.kotlin.KotlinApplicationKt  : Started KotlinApplicationKt in 4.019 seconds (JVM running for 4.662)
21-08-2020 10:08:41  INFO 3551 --- [nio-8081-exec-1] runsystem.vn.kotlin.LoggingService       : REQUEST method=[POST] path=[/api/v1/add] body=[{"name":"hahahaha","address":"Hà Nội","age":11}]
21-08-2020 10:08:41  INFO 3551 --- [nio-8081-exec-1] runsystem.vn.kotlin.LoggingService       : RESPONSE method=[POST] path=[/api/v1/add] responseHeaders=[{}] responseBody=[{"result":"NG","code":"11111","message":"","fieldErrors":[{"field":"age","message":"Please, insert an age above 11 years old"}]}] 
21-08-2020 10:08:58  INFO 3554 --- [           main] runsystem.vn.kotlin.KotlinApplicationKt  : Starting KotlinApplicationKt on Nguyens-MacBook-Pro.local with PID 3554 (/Users/nguyenhoanghiep/Downloads/kotlin/build/classes/kotlin/main started by nguyenhoanghiep in /Users/nguyenhoanghiep/Downloads/kotlin)
21-08-2020 10:08:58  INFO 3554 --- [           main] runsystem.vn.kotlin.KotlinApplicationKt  : The following profiles are active: dev
21-08-2020 10:09:02  INFO 3554 --- [           main] runsystem.vn.kotlin.KotlinApplicationKt  : Started KotlinApplicationKt in 4.98 seconds (JVM running for 6.382)
21-08-2020 10:09:42  INFO 3554 --- [nio-8081-exec-1] runsystem.vn.kotlin.LoggingService       : REQUEST method=[POST] path=[/api/v1/add] body=[{"name":"hahahaha","address":"Hà Nội","age":11}]
21-08-2020 10:09:42  INFO 3554 --- [nio-8081-exec-1] runsystem.vn.kotlin.LoggingService       : RESPONSE method=[POST] path=[/api/v1/add] responseHeaders=[{}] responseBody=[{"result":"NG","code":"11111","message":"","fieldErrors":[{"field":"age","message":"Please, insert an age above 11 years old"}]}] 
21-08-2020 10:26:02  INFO 3644 --- [           main] runsystem.vn.kotlin.KotlinApplicationKt  : Starting KotlinApplicationKt on Nguyens-MacBook-Pro.local with PID 3644 (/Users/nguyenhoanghiep/Downloads/kotlin/build/classes/kotlin/main started by nguyenhoanghiep in /Users/nguyenhoanghiep/Downloads/kotlin)
21-08-2020 10:26:02  INFO 3644 --- [           main] runsystem.vn.kotlin.KotlinApplicationKt  : The following profiles are active: dev
21-08-2020 10:26:05  INFO 3644 --- [           main] runsystem.vn.kotlin.KotlinApplicationKt  : Started KotlinApplicationKt in 4.056 seconds (JVM running for 5.464)
21-08-2020 10:26:11  INFO 3644 --- [nio-8081-exec-1] runsystem.vn.kotlin.LoggingService       : REQUEST method=[POST] path=[/api/v1/add] body=[{"name":"hahahaha","address":"Hà Nội","age":11}]
21-08-2020 10:26:12  INFO 3644 --- [nio-8081-exec-1] runsystem.vn.kotlin.LoggingService       : RESPONSE method=[POST] path=[/error] responseHeaders=[{}] responseBody=[{"timestamp":1597980372055,"status":400,"error":"Bad Request","message":"","path":"/api/v1/add"}] 
21-08-2020 10:28:23  INFO 3665 --- [           main] runsystem.vn.kotlin.KotlinApplicationKt  : Starting KotlinApplicationKt on Nguyens-MacBook-Pro.local with PID 3665 (/Users/nguyenhoanghiep/Downloads/kotlin/build/classes/kotlin/main started by nguyenhoanghiep in /Users/nguyenhoanghiep/Downloads/kotlin)
21-08-2020 10:28:23  INFO 3665 --- [           main] runsystem.vn.kotlin.KotlinApplicationKt  : The following profiles are active: dev
21-08-2020 10:28:27  INFO 3665 --- [           main] runsystem.vn.kotlin.KotlinApplicationKt  : Started KotlinApplicationKt in 4.795 seconds (JVM running for 5.81)
21-08-2020 10:28:30  INFO 3665 --- [nio-8081-exec-1] runsystem.vn.kotlin.LoggingService       : REQUEST method=[POST] path=[/api/v1/add] body=[{"name":"hahahaha","address":"Hà Nội","age":11}]
21-08-2020 10:29:02  INFO 3665 --- [nio-8081-exec-1] runsystem.vn.kotlin.LoggingService       : RESPONSE method=[POST] path=[/api/v1/add] responseHeaders=[{}] responseBody=[""] 
21-08-2020 10:30:52  INFO 3687 --- [           main] runsystem.vn.kotlin.KotlinApplicationKt  : Starting KotlinApplicationKt on Nguyens-MacBook-Pro.local with PID 3687 (/Users/nguyenhoanghiep/Downloads/kotlin/build/classes/kotlin/main started by nguyenhoanghiep in /Users/nguyenhoanghiep/Downloads/kotlin)
21-08-2020 10:30:52  INFO 3687 --- [           main] runsystem.vn.kotlin.KotlinApplicationKt  : The following profiles are active: dev
21-08-2020 10:30:55  INFO 3687 --- [           main] runsystem.vn.kotlin.KotlinApplicationKt  : Started KotlinApplicationKt in 4.049 seconds (JVM running for 4.762)
21-08-2020 10:30:58  INFO 3687 --- [nio-8081-exec-1] runsystem.vn.kotlin.LoggingService       : REQUEST method=[POST] path=[/api/v1/add] body=[{"name":"hahahaha","address":"Hà Nội","age":11}]
21-08-2020 10:30:58  INFO 3687 --- [nio-8081-exec-1] runsystem.vn.kotlin.LoggingService       : RESPONSE method=[POST] path=[/api/v1/add] responseHeaders=[{}] responseBody=[""] 
21-08-2020 10:31:40  INFO 3699 --- [           main] runsystem.vn.kotlin.KotlinApplicationKt  : Starting KotlinApplicationKt on Nguyens-MacBook-Pro.local with PID 3699 (/Users/nguyenhoanghiep/Downloads/kotlin/build/classes/kotlin/main started by nguyenhoanghiep in /Users/nguyenhoanghiep/Downloads/kotlin)
21-08-2020 10:31:40  INFO 3699 --- [           main] runsystem.vn.kotlin.KotlinApplicationKt  : The following profiles are active: dev
21-08-2020 10:31:42  INFO 3699 --- [           main] runsystem.vn.kotlin.KotlinApplicationKt  : Started KotlinApplicationKt in 3.217 seconds (JVM running for 3.876)
21-08-2020 10:32:07  INFO 3699 --- [nio-8081-exec-1] runsystem.vn.kotlin.LoggingService       : REQUEST method=[POST] path=[/api/v1/add] body=[{"name":"hahahaha","address":"Hà Nội","age":11}]
21-08-2020 10:32:07  INFO 3699 --- [nio-8081-exec-1] runsystem.vn.kotlin.LoggingService       : RESPONSE method=[POST] path=[/api/v1/add] responseHeaders=[{}] responseBody=[""] 
21-08-2020 10:35:03  INFO 3718 --- [           main] runsystem.vn.kotlin.KotlinApplicationKt  : Starting KotlinApplicationKt on Nguyens-MacBook-Pro.local with PID 3718 (/Users/nguyenhoanghiep/Downloads/kotlin/build/classes/kotlin/main started by nguyenhoanghiep in /Users/nguyenhoanghiep/Downloads/kotlin)
21-08-2020 10:35:03  INFO 3718 --- [           main] runsystem.vn.kotlin.KotlinApplicationKt  : The following profiles are active: dev
21-08-2020 10:35:06  INFO 3718 --- [           main] runsystem.vn.kotlin.KotlinApplicationKt  : Started KotlinApplicationKt in 3.723 seconds (JVM running for 4.486)
21-08-2020 10:35:17  INFO 3718 --- [nio-8081-exec-1] runsystem.vn.kotlin.LoggingService       : REQUEST method=[POST] path=[/api/v1/add] body=[{"name":"hahahaha","address":"Hà Nội","age":11}]
21-08-2020 10:35:17  INFO 3718 --- [nio-8081-exec-1] runsystem.vn.kotlin.LoggingService       : RESPONSE method=[POST] path=[/api/v1/add] responseHeaders=[{}] responseBody=[""] 
21-08-2020 10:36:34  INFO 3735 --- [           main] runsystem.vn.kotlin.KotlinApplicationKt  : Starting KotlinApplicationKt on Nguyens-MacBook-Pro.local with PID 3735 (/Users/nguyenhoanghiep/Downloads/kotlin/build/classes/kotlin/main started by nguyenhoanghiep in /Users/nguyenhoanghiep/Downloads/kotlin)
21-08-2020 10:36:34  INFO 3735 --- [           main] runsystem.vn.kotlin.KotlinApplicationKt  : The following profiles are active: dev
21-08-2020 10:36:37  INFO 3735 --- [           main] runsystem.vn.kotlin.KotlinApplicationKt  : Started KotlinApplicationKt in 3.64 seconds (JVM running for 4.308)
21-08-2020 10:36:48  INFO 3735 --- [nio-8081-exec-1] runsystem.vn.kotlin.LoggingService       : REQUEST method=[POST] path=[/api/v1/add] body=[{"name":"hahahaha","address":"Hà Nội","age":11}]
21-08-2020 10:36:48  INFO 3735 --- [nio-8081-exec-1] runsystem.vn.kotlin.LoggingService       : RESPONSE method=[POST] path=[/api/v1/add] responseHeaders=[{}] responseBody=[""] 
21-08-2020 10:37:01  INFO 3737 --- [           main] runsystem.vn.kotlin.KotlinApplicationKt  : Starting KotlinApplicationKt on Nguyens-MacBook-Pro.local with PID 3737 (/Users/nguyenhoanghiep/Downloads/kotlin/build/classes/kotlin/main started by nguyenhoanghiep in /Users/nguyenhoanghiep/Downloads/kotlin)
21-08-2020 10:37:01  INFO 3737 --- [           main] runsystem.vn.kotlin.KotlinApplicationKt  : The following profiles are active: dev
21-08-2020 10:37:04  INFO 3737 --- [           main] runsystem.vn.kotlin.KotlinApplicationKt  : Started KotlinApplicationKt in 4.119 seconds (JVM running for 5.056)
21-08-2020 10:38:03  INFO 3737 --- [nio-8081-exec-1] runsystem.vn.kotlin.LoggingService       : REQUEST method=[POST] path=[/api/v1/add] body=[{"name":"hahahaha","address":"Hà Nội","age":11}]
21-08-2020 10:42:47  INFO 3737 --- [nio-8081-exec-1] runsystem.vn.kotlin.LoggingService       : RESPONSE method=[POST] path=[/api/v1/add] responseHeaders=[{}] responseBody=[""] 
21-08-2020 10:42:55  INFO 3763 --- [           main] runsystem.vn.kotlin.KotlinApplicationKt  : Starting KotlinApplicationKt on Nguyens-MacBook-Pro.local with PID 3763 (/Users/nguyenhoanghiep/Downloads/kotlin/build/classes/kotlin/main started by nguyenhoanghiep in /Users/nguyenhoanghiep/Downloads/kotlin)
21-08-2020 10:42:55  INFO 3763 --- [           main] runsystem.vn.kotlin.KotlinApplicationKt  : The following profiles are active: dev
21-08-2020 10:42:59  INFO 3763 --- [           main] runsystem.vn.kotlin.KotlinApplicationKt  : Started KotlinApplicationKt in 4.06 seconds (JVM running for 4.962)
21-08-2020 10:43:02  INFO 3763 --- [nio-8081-exec-1] runsystem.vn.kotlin.LoggingService       : REQUEST method=[POST] path=[/api/v1/add] body=[{"name":"hahahaha","address":"Hà Nội","age":11}]
21-08-2020 10:43:02  INFO 3763 --- [nio-8081-exec-1] runsystem.vn.kotlin.LoggingService       : RESPONSE method=[POST] path=[/api/v1/add] responseHeaders=[{}] responseBody=[""] 
21-08-2020 10:44:56  INFO 3796 --- [           main] runsystem.vn.kotlin.KotlinApplicationKt  : Starting KotlinApplicationKt on Nguyens-MacBook-Pro.local with PID 3796 (/Users/nguyenhoanghiep/Downloads/kotlin/build/classes/kotlin/main started by nguyenhoanghiep in /Users/nguyenhoanghiep/Downloads/kotlin)
21-08-2020 10:44:56  INFO 3796 --- [           main] runsystem.vn.kotlin.KotlinApplicationKt  : The following profiles are active: dev
21-08-2020 10:45:00  INFO 3796 --- [           main] runsystem.vn.kotlin.KotlinApplicationKt  : Started KotlinApplicationKt in 4.78 seconds (JVM running for 5.845)
21-08-2020 10:45:04  INFO 3796 --- [nio-8081-exec-1] runsystem.vn.kotlin.LoggingService       : REQUEST method=[POST] path=[/api/v1/add] body=[{"name":"hahahaha","address":"Hà Nội","age":11}]
21-08-2020 10:45:23  INFO 3796 --- [nio-8081-exec-1] runsystem.vn.kotlin.LoggingService       : RESPONSE method=[POST] path=[/api/v1/add] responseHeaders=[{}] responseBody=[{"result":"NG","code":"11111","message":"","fieldErrors":[{"field":"age","message":"Please, insert an age above 11 years old"}]}] 
21-08-2020 10:48:40  INFO 3819 --- [           main] runsystem.vn.kotlin.KotlinApplicationKt  : Starting KotlinApplicationKt on Nguyens-MacBook-Pro.local with PID 3819 (/Users/nguyenhoanghiep/Downloads/kotlin/build/classes/kotlin/main started by nguyenhoanghiep in /Users/nguyenhoanghiep/Downloads/kotlin)
21-08-2020 10:48:40  INFO 3819 --- [           main] runsystem.vn.kotlin.KotlinApplicationKt  : The following profiles are active: dev
21-08-2020 10:48:44  INFO 3819 --- [           main] runsystem.vn.kotlin.KotlinApplicationKt  : Started KotlinApplicationKt in 4.62 seconds (JVM running for 5.63)
21-08-2020 10:48:52  INFO 3819 --- [nio-8081-exec-1] runsystem.vn.kotlin.LoggingService       : REQUEST method=[POST] path=[/api/v1/add] body=[{"name":"hahahaha","address":"Hà Nội","age":11}]
21-08-2020 10:49:24  INFO 3831 --- [           main] runsystem.vn.kotlin.KotlinApplicationKt  : Starting KotlinApplicationKt on Nguyens-MacBook-Pro.local with PID 3831 (/Users/nguyenhoanghiep/Downloads/kotlin/build/classes/kotlin/main started by nguyenhoanghiep in /Users/nguyenhoanghiep/Downloads/kotlin)
21-08-2020 10:49:24  INFO 3831 --- [           main] runsystem.vn.kotlin.KotlinApplicationKt  : The following profiles are active: dev
21-08-2020 10:49:28  INFO 3831 --- [           main] runsystem.vn.kotlin.KotlinApplicationKt  : Started KotlinApplicationKt in 4.569 seconds (JVM running for 5.562)
21-08-2020 10:49:41  INFO 3831 --- [nio-8081-exec-1] runsystem.vn.kotlin.LoggingService       : REQUEST method=[POST] path=[/api/v1/add] body=[{"name":"hahahaha","address":"Hà Nội","age":11}]
21-08-2020 11:13:01  INFO 3955 --- [           main] runsystem.vn.kotlin.KotlinApplicationKt  : Starting KotlinApplicationKt on Nguyens-MacBook-Pro.local with PID 3955 (/Users/nguyenhoanghiep/Downloads/kotlin/build/classes/kotlin/main started by nguyenhoanghiep in /Users/nguyenhoanghiep/Downloads/kotlin)
21-08-2020 11:13:01  INFO 3955 --- [           main] runsystem.vn.kotlin.KotlinApplicationKt  : The following profiles are active: dev
21-08-2020 11:14:05  INFO 3955 --- [           main] runsystem.vn.kotlin.KotlinApplicationKt  : Started KotlinApplicationKt in 65.148 seconds (JVM running for 66.261)
21-08-2020 11:14:23  INFO 3955 --- [nio-8081-exec-1] runsystem.vn.kotlin.LoggingService       : RESPONSE method=[POST] path=[/api/v1/add] responseHeaders=[{}] responseBody=[{"result":"NG","code":"1111","message":"Hello World"}] 
21-08-2020 11:16:15  INFO 3983 --- [           main] runsystem.vn.kotlin.KotlinApplicationKt  : Starting KotlinApplicationKt on Nguyens-MacBook-Pro.local with PID 3983 (/Users/nguyenhoanghiep/Downloads/kotlin/build/classes/kotlin/main started by nguyenhoanghiep in /Users/nguyenhoanghiep/Downloads/kotlin)
21-08-2020 11:16:15  INFO 3983 --- [           main] runsystem.vn.kotlin.KotlinApplicationKt  : The following profiles are active: dev
21-08-2020 11:16:25  INFO 3983 --- [           main] runsystem.vn.kotlin.KotlinApplicationKt  : Started KotlinApplicationKt in 10.794 seconds (JVM running for 11.815)
21-08-2020 11:16:38  INFO 3983 --- [nio-8081-exec-1] runsystem.vn.kotlin.LoggingService       : REQUEST method=[POST] path=[/api/v1/add] parameters=[{lang=ja}] body=[{"name":"hahahaha","address":"Hà Nội","age":11}]
21-08-2020 11:16:39  INFO 3983 --- [nio-8081-exec-1] runsystem.vn.kotlin.LoggingService       : RESPONSE method=[POST] path=[/api/v1/add] responseHeaders=[{}] responseBody=[{"result":"NG","code":"1111","message":"Hello World"}] 
21-08-2020 11:16:59  INFO 3983 --- [nio-8081-exec-2] runsystem.vn.kotlin.LoggingService       : REQUEST method=[POST] path=[/api/v1/add] body=[{"name":"hahahaha","address":"Hà Nội","age":11}]
21-08-2020 11:16:59  INFO 3983 --- [nio-8081-exec-2] runsystem.vn.kotlin.LoggingService       : RESPONSE method=[POST] path=[/api/v1/add] responseHeaders=[{}] responseBody=[{"result":"NG","code":"11111","message":"","fieldErrors":[{"field":"age","message":"Please, insert an age above 11 years old"}]}] 
21-08-2020 11:17:30  INFO 3983 --- [nio-8081-exec-3] runsystem.vn.kotlin.LoggingService       : REQUEST method=[POST] path=[/api/v1/add] body=[{"name":"hahahaha","address":"Hà Nội","age":11}]
21-08-2020 11:17:30  INFO 3983 --- [nio-8081-exec-3] runsystem.vn.kotlin.LoggingService       : RESPONSE method=[POST] path=[/api/v1/add] responseHeaders=[{}] responseBody=[{"result":"NG","code":"1111","message":"Hello World"}] 
21-08-2020 11:36:43  INFO 4086 --- [           main] runsystem.vn.kotlin.KotlinApplicationKt  : Starting KotlinApplicationKt on Nguyens-MacBook-Pro.local with PID 4086 (/Users/nguyenhoanghiep/Downloads/kotlin/build/classes/kotlin/main started by nguyenhoanghiep in /Users/nguyenhoanghiep/Downloads/kotlin)
21-08-2020 11:36:43  INFO 4086 --- [           main] runsystem.vn.kotlin.KotlinApplicationKt  : The following profiles are active: dev
21-08-2020 11:36:46  INFO 4086 --- [           main] runsystem.vn.kotlin.KotlinApplicationKt  : Started KotlinApplicationKt in 4.132 seconds (JVM running for 5.033)
21-08-2020 11:36:55  INFO 4086 --- [nio-8081-exec-1] runsystem.vn.kotlin.LoggingService       : REQUEST method=[POST] path=[/api/v1/add] body=[{"name":"hahahaha","address":"Hà Nội","age":11}]
21-08-2020 11:36:55  INFO 4086 --- [nio-8081-exec-1] runsystem.vn.kotlin.LoggingService       : RESPONSE method=[POST] path=[/api/v1/add] responseHeaders=[{}] responseBody=[{"result":"NG","code":"11111","message":"","fieldErrors":[{"field":"age","message":"Please, insert an age above 11 years old"}]}] 
21-08-2020 11:37:17  INFO 4086 --- [nio-8081-exec-2] runsystem.vn.kotlin.LoggingService       : RESPONSE method=[POST] path=[/api/v1/add] responseHeaders=[{}] responseBody=[{"result":"NG","code":"1111","message":"Hello World"}] 
21-08-2020 11:39:47  INFO 4113 --- [           main] runsystem.vn.kotlin.KotlinApplicationKt  : Starting KotlinApplicationKt on Nguyens-MacBook-Pro.local with PID 4113 (/Users/nguyenhoanghiep/Downloads/kotlin/build/classes/kotlin/main started by nguyenhoanghiep in /Users/nguyenhoanghiep/Downloads/kotlin)
21-08-2020 11:39:47  INFO 4113 --- [           main] runsystem.vn.kotlin.KotlinApplicationKt  : The following profiles are active: dev
21-08-2020 11:39:52  INFO 4113 --- [           main] runsystem.vn.kotlin.KotlinApplicationKt  : Started KotlinApplicationKt in 4.991 seconds (JVM running for 6.42)
21-08-2020 11:39:56  INFO 4113 --- [nio-8081-exec-1] runsystem.vn.kotlin.LoggingService       : RESPONSE method=[POST] path=[/api/v1/add] responseHeaders=[{}] responseBody=[{"result":"NG","code":"1111","message":"Hello World"}] 
21-08-2020 11:42:21  INFO 4113 --- [nio-8081-exec-2] runsystem.vn.kotlin.LoggingService       : RESPONSE method=[POST] path=[/api/v1/add] responseHeaders=[{}] responseBody=[{"result":"NG","code":"1111","message":"Hello World"}] 
21-08-2020 11:42:35  INFO 4162 --- [           main] runsystem.vn.kotlin.KotlinApplicationKt  : Starting KotlinApplicationKt on Nguyens-MacBook-Pro.local with PID 4162 (/Users/nguyenhoanghiep/Downloads/kotlin/build/classes/kotlin/main started by nguyenhoanghiep in /Users/nguyenhoanghiep/Downloads/kotlin)
21-08-2020 11:42:35  INFO 4162 --- [           main] runsystem.vn.kotlin.KotlinApplicationKt  : The following profiles are active: dev
21-08-2020 11:42:40  INFO 4162 --- [           main] runsystem.vn.kotlin.KotlinApplicationKt  : Started KotlinApplicationKt in 5.256 seconds (JVM running for 6.577)
21-08-2020 11:42:43  INFO 4162 --- [nio-8081-exec-1] runsystem.vn.kotlin.LoggingService       : RESPONSE method=[POST] path=[/api/v1/add] responseHeaders=[{}] responseBody=[{"result":"NG","code":"1111","message":"Hello World"}] 
21-08-2020 11:43:51  INFO 4180 --- [           main] runsystem.vn.kotlin.KotlinApplicationKt  : Starting KotlinApplicationKt on Nguyens-MacBook-Pro.local with PID 4180 (/Users/nguyenhoanghiep/Downloads/kotlin/build/classes/kotlin/main started by nguyenhoanghiep in /Users/nguyenhoanghiep/Downloads/kotlin)
21-08-2020 11:43:51  INFO 4180 --- [           main] runsystem.vn.kotlin.KotlinApplicationKt  : The following profiles are active: dev
21-08-2020 11:43:56  INFO 4180 --- [           main] runsystem.vn.kotlin.KotlinApplicationKt  : Started KotlinApplicationKt in 5.274 seconds (JVM running for 6.904)
21-08-2020 11:43:59  INFO 4180 --- [nio-8081-exec-1] runsystem.vn.kotlin.LoggingService       : RESPONSE method=[POST] path=[/api/v1/add] responseHeaders=[{}] responseBody=[{"result":"NG","code":"1111","message":"Hello World"}] 
21-08-2020 11:44:33  INFO 4180 --- [nio-8081-exec-2] runsystem.vn.kotlin.LoggingService       : RESPONSE method=[POST] path=[/api/v1/add] responseHeaders=[{}] responseBody=[{"result":"NG","code":"1111","message":"Hello World"}] 
21-08-2020 11:45:41  INFO 4180 --- [nio-8081-exec-3] runsystem.vn.kotlin.LoggingService       : RESPONSE method=[POST] path=[/api/v1/add] responseHeaders=[{}] responseBody=[{"result":"NG","code":"1111","message":"Hello World"}] 
21-08-2020 11:45:44  INFO 4189 --- [           main] runsystem.vn.kotlin.KotlinApplicationKt  : Starting KotlinApplicationKt on Nguyens-MacBook-Pro.local with PID 4189 (/Users/nguyenhoanghiep/Downloads/kotlin/build/classes/kotlin/main started by nguyenhoanghiep in /Users/nguyenhoanghiep/Downloads/kotlin)
21-08-2020 11:45:44  INFO 4189 --- [           main] runsystem.vn.kotlin.KotlinApplicationKt  : The following profiles are active: dev
21-08-2020 11:45:48  INFO 4189 --- [           main] runsystem.vn.kotlin.KotlinApplicationKt  : Started KotlinApplicationKt in 4.382 seconds (JVM running for 5.075)
21-08-2020 11:45:55  INFO 4191 --- [           main] runsystem.vn.kotlin.KotlinApplicationKt  : Starting KotlinApplicationKt on Nguyens-MacBook-Pro.local with PID 4191 (/Users/nguyenhoanghiep/Downloads/kotlin/build/classes/kotlin/main started by nguyenhoanghiep in /Users/nguyenhoanghiep/Downloads/kotlin)
21-08-2020 11:45:55  INFO 4191 --- [           main] runsystem.vn.kotlin.KotlinApplicationKt  : The following profiles are active: dev
21-08-2020 11:46:02  INFO 4191 --- [           main] runsystem.vn.kotlin.KotlinApplicationKt  : Started KotlinApplicationKt in 7.951 seconds (JVM running for 8.836)
21-08-2020 11:47:10  INFO 4210 --- [           main] runsystem.vn.kotlin.KotlinApplicationKt  : Starting KotlinApplicationKt on Nguyens-MacBook-Pro.local with PID 4210 (/Users/nguyenhoanghiep/Downloads/kotlin/build/classes/kotlin/main started by nguyenhoanghiep in /Users/nguyenhoanghiep/Downloads/kotlin)
21-08-2020 11:47:10  INFO 4210 --- [           main] runsystem.vn.kotlin.KotlinApplicationKt  : The following profiles are active: dev
21-08-2020 11:47:15  INFO 4210 --- [           main] runsystem.vn.kotlin.KotlinApplicationKt  : Started KotlinApplicationKt in 5.4 seconds (JVM running for 6.414)
21-08-2020 11:47:47  INFO 4212 --- [           main] runsystem.vn.kotlin.KotlinApplicationKt  : Starting KotlinApplicationKt on Nguyens-MacBook-Pro.local with PID 4212 (/Users/nguyenhoanghiep/Downloads/kotlin/build/classes/kotlin/main started by nguyenhoanghiep in /Users/nguyenhoanghiep/Downloads/kotlin)
21-08-2020 11:47:47  INFO 4212 --- [           main] runsystem.vn.kotlin.KotlinApplicationKt  : The following profiles are active: dev
21-08-2020 11:47:51  INFO 4212 --- [           main] runsystem.vn.kotlin.KotlinApplicationKt  : Started KotlinApplicationKt in 4.883 seconds (JVM running for 5.782)
21-08-2020 11:50:45  INFO 4248 --- [           main] runsystem.vn.kotlin.KotlinApplicationKt  : Starting KotlinApplicationKt on Nguyens-MacBook-Pro.local with PID 4248 (/Users/nguyenhoanghiep/Downloads/kotlin/build/classes/kotlin/main started by nguyenhoanghiep in /Users/nguyenhoanghiep/Downloads/kotlin)
21-08-2020 11:50:45  INFO 4248 --- [           main] runsystem.vn.kotlin.KotlinApplicationKt  : The following profiles are active: dev
21-08-2020 11:50:49  INFO 4248 --- [           main] runsystem.vn.kotlin.KotlinApplicationKt  : Started KotlinApplicationKt in 4.952 seconds (JVM running for 6.569)
21-08-2020 11:51:07  INFO 4248 --- [nio-8081-exec-1] runsystem.vn.kotlin.LoggingService       : RESPONSE method=[POST] path=[/api/v1/add] responseHeaders=[{}] responseBody=[{"result":"NG","code":"1111","message":"こんにちは世12界33"}] 
21-08-2020 11:52:30  INFO 4272 --- [           main] runsystem.vn.kotlin.KotlinApplicationKt  : Starting KotlinApplicationKt on Nguyens-MacBook-Pro.local with PID 4272 (/Users/nguyenhoanghiep/Downloads/kotlin/build/classes/kotlin/main started by nguyenhoanghiep in /Users/nguyenhoanghiep/Downloads/kotlin)
21-08-2020 11:52:30  INFO 4272 --- [           main] runsystem.vn.kotlin.KotlinApplicationKt  : The following profiles are active: dev
21-08-2020 11:52:34  INFO 4272 --- [           main] runsystem.vn.kotlin.KotlinApplicationKt  : Started KotlinApplicationKt in 4.566 seconds (JVM running for 6.001)
21-08-2020 11:53:03  INFO 4272 --- [nio-8081-exec-1] runsystem.vn.kotlin.LoggingService       : RESPONSE method=[POST] path=[/api/v1/add] responseHeaders=[{}] responseBody=[{"result":"NG","code":"1111","message":"こんにちは世12界33"}] 
21-08-2020 11:56:25  INFO 4297 --- [           main] runsystem.vn.kotlin.KotlinApplicationKt  : Starting KotlinApplicationKt on Nguyens-MacBook-Pro.local with PID 4297 (/Users/nguyenhoanghiep/Downloads/kotlin/build/classes/kotlin/main started by nguyenhoanghiep in /Users/nguyenhoanghiep/Downloads/kotlin)
21-08-2020 11:56:25  INFO 4297 --- [           main] runsystem.vn.kotlin.KotlinApplicationKt  : The following profiles are active: dev
21-08-2020 11:56:30  INFO 4297 --- [           main] runsystem.vn.kotlin.KotlinApplicationKt  : Started KotlinApplicationKt in 5.232 seconds (JVM running for 6.178)
21-08-2020 11:57:05  INFO 4297 --- [nio-8081-exec-1] runsystem.vn.kotlin.LoggingService       : REQUEST method=[POST] path=[/api/v1/add] body=[{"name":"hahahaha","address":"Hà Nội","age":11}]
21-08-2020 11:59:10  INFO 4297 --- [nio-8081-exec-1] runsystem.vn.kotlin.LoggingService       : RESPONSE method=[POST] path=[/api/v1/add] responseHeaders=[{}] responseBody=[{"result":"NG","code":"1111","message":"Hello World"}] 
21-08-2020 13:26:25  INFO 4423 --- [           main] runsystem.vn.kotlin.KotlinApplicationKt  : Starting KotlinApplicationKt on Nguyens-MacBook-Pro.local with PID 4423 (/Users/nguyenhoanghiep/Downloads/kotlin/build/classes/kotlin/main started by nguyenhoanghiep in /Users/nguyenhoanghiep/Downloads/kotlin)
21-08-2020 13:26:25  INFO 4423 --- [           main] runsystem.vn.kotlin.KotlinApplicationKt  : The following profiles are active: dev
21-08-2020 13:26:29  INFO 4423 --- [           main] runsystem.vn.kotlin.KotlinApplicationKt  : Started KotlinApplicationKt in 4.774 seconds (JVM running for 6.324)
21-08-2020 13:26:37  INFO 4423 --- [nio-8081-exec-1] runsystem.vn.kotlin.LoggingService       : REQUEST method=[POST] path=[/api/v1/add] body=[{"name":"hahahaha","address":"Hà Nội","age":11}]
21-08-2020 13:26:38  INFO 4423 --- [nio-8081-exec-1] runsystem.vn.kotlin.LoggingService       : RESPONSE method=[POST] path=[/api/v1/add] responseHeaders=[{}] responseBody=[{"result":"NG","code":"1111","message":"Hello World"}] 
21-08-2020 13:28:14  INFO 4423 --- [nio-8081-exec-2] runsystem.vn.kotlin.LoggingService       : REQUEST method=[POST] path=[/api/v1/add] body=[{"name":"hahahaha","address":"Hà Nội","age":11}]
21-08-2020 13:28:14  INFO 4423 --- [nio-8081-exec-2] runsystem.vn.kotlin.LoggingService       : RESPONSE method=[POST] path=[/api/v1/add] responseHeaders=[{}] responseBody=[{"result":"NG","code":"1111","message":"Hello World"}] 
21-08-2020 13:28:50  INFO 4449 --- [           main] runsystem.vn.kotlin.KotlinApplicationKt  : Starting KotlinApplicationKt on Nguyens-MacBook-Pro.local with PID 4449 (/Users/nguyenhoanghiep/Downloads/kotlin/build/classes/kotlin/main started by nguyenhoanghiep in /Users/nguyenhoanghiep/Downloads/kotlin)
21-08-2020 13:28:50  INFO 4449 --- [           main] runsystem.vn.kotlin.KotlinApplicationKt  : The following profiles are active: dev
21-08-2020 13:28:54  INFO 4449 --- [           main] runsystem.vn.kotlin.KotlinApplicationKt  : Started KotlinApplicationKt in 5.267 seconds (JVM running for 6.166)
21-08-2020 13:30:26  INFO 4449 --- [nio-8081-exec-1] runsystem.vn.kotlin.LoggingService       : REQUEST method=[POST] path=[/api/v1/add] body=[{"name":"hahahaha","address":"Hà Nội","age":11}]
21-08-2020 13:35:01  INFO 4449 --- [nio-8081-exec-1] runsystem.vn.kotlin.LoggingService       : RESPONSE method=[POST] path=[/api/v1/add] responseHeaders=[{}] responseBody=[{"result":"NG","code":"1111","message":"Hello World"}] 
21-08-2020 13:36:54  INFO 4449 --- [nio-8081-exec-2] runsystem.vn.kotlin.LoggingService       : REQUEST method=[POST] path=[/api/v1/add] body=[{"name":"hahahaha","address":"Hà Nội","age":11}]
21-08-2020 13:37:08  INFO 4449 --- [nio-8081-exec-2] runsystem.vn.kotlin.LoggingService       : RESPONSE method=[POST] path=[/api/v1/add] responseHeaders=[{}] responseBody=[{"result":"NG","code":"1111","message":"Hello World"}] 
21-08-2020 13:38:00  INFO 4475 --- [           main] runsystem.vn.kotlin.KotlinApplicationKt  : Starting KotlinApplicationKt on Nguyens-MacBook-Pro.local with PID 4475 (/Users/nguyenhoanghiep/Downloads/kotlin/build/classes/kotlin/main started by nguyenhoanghiep in /Users/nguyenhoanghiep/Downloads/kotlin)
21-08-2020 13:38:00  INFO 4475 --- [           main] runsystem.vn.kotlin.KotlinApplicationKt  : The following profiles are active: dev
21-08-2020 13:38:05  INFO 4475 --- [           main] runsystem.vn.kotlin.KotlinApplicationKt  : Started KotlinApplicationKt in 5.73 seconds (JVM running for 6.649)
21-08-2020 13:38:45  INFO 4475 --- [nio-8081-exec-1] runsystem.vn.kotlin.LoggingService       : REQUEST method=[POST] path=[/api/v1/add] body=[{"name":"hahahaha","address":"Hà Nội","age":11}]
21-08-2020 13:38:45  INFO 4475 --- [nio-8081-exec-1] runsystem.vn.kotlin.LoggingService       : RESPONSE method=[POST] path=[/api/v1/add] responseHeaders=[{}] responseBody=[{"result":"NG","code":"11111","message":"","fieldErrors":[{"field":"age","message":"Please, insert an age above 11 years old"}]}] 
21-08-2020 13:39:20  INFO 4475 --- [nio-8081-exec-2] runsystem.vn.kotlin.LoggingService       : REQUEST method=[POST] path=[/api/v1/add] body=[{"name":"hahahaha","address":"Hà Nội","age":11}]
21-08-2020 13:39:20  INFO 4475 --- [nio-8081-exec-2] runsystem.vn.kotlin.LoggingService       : RESPONSE method=[POST] path=[/api/v1/add] responseHeaders=[{}] responseBody=[{"result":"NG","code":"11111","message":"","fieldErrors":[{"field":"age","message":"Please, insert an age above 11 years old"}]}] 
21-08-2020 13:39:40  INFO 4475 --- [nio-8081-exec-3] runsystem.vn.kotlin.LoggingService       : REQUEST method=[POST] path=[/api/v1/add] body=[{"name":"hahahaha","address":"Hà Nội","age":11}]
21-08-2020 13:39:40  INFO 4475 --- [nio-8081-exec-3] runsystem.vn.kotlin.LoggingService       : RESPONSE method=[POST] path=[/api/v1/add] responseHeaders=[{}] responseBody=[{"result":"NG","code":"1111","message":"Hello World"}] 
21-08-2020 13:39:47  INFO 4475 --- [nio-8081-exec-4] runsystem.vn.kotlin.LoggingService       : REQUEST method=[POST] path=[/api/v1/add] body=[{"name":"hahahaha","address":"Hà Nội","age":11}]
21-08-2020 13:39:47  INFO 4475 --- [nio-8081-exec-4] runsystem.vn.kotlin.LoggingService       : RESPONSE method=[POST] path=[/api/v1/add] responseHeaders=[{}] responseBody=[{"result":"NG","code":"11111","message":"","fieldErrors":[{"field":"age","message":"Please, insert an age above 11 years old"}]}] 
21-08-2020 13:40:21  INFO 4491 --- [           main] runsystem.vn.kotlin.KotlinApplicationKt  : Starting KotlinApplicationKt on Nguyens-MacBook-Pro.local with PID 4491 (/Users/nguyenhoanghiep/Downloads/kotlin/build/classes/kotlin/main started by nguyenhoanghiep in /Users/nguyenhoanghiep/Downloads/kotlin)
21-08-2020 13:40:21  INFO 4491 --- [           main] runsystem.vn.kotlin.KotlinApplicationKt  : The following profiles are active: dev
21-08-2020 13:40:25  INFO 4491 --- [           main] runsystem.vn.kotlin.KotlinApplicationKt  : Started KotlinApplicationKt in 4.673 seconds (JVM running for 5.375)
21-08-2020 13:40:33  INFO 4491 --- [nio-8081-exec-1] runsystem.vn.kotlin.LoggingService       : REQUEST method=[POST] path=[/api/v1/add] body=[{"name":"hahahaha","address":"Hà Nội","age":11}]
21-08-2020 13:40:33  INFO 4491 --- [nio-8081-exec-1] runsystem.vn.kotlin.LoggingService       : RESPONSE method=[POST] path=[/api/v1/add] responseHeaders=[{}] responseBody=[{"result":"NG","code":"1111","message":"Hello World"}] 
21-08-2020 13:42:47  INFO 4510 --- [           main] runsystem.vn.kotlin.KotlinApplicationKt  : Starting KotlinApplicationKt on Nguyens-MacBook-Pro.local with PID 4510 (/Users/nguyenhoanghiep/Downloads/kotlin/build/classes/kotlin/main started by nguyenhoanghiep in /Users/nguyenhoanghiep/Downloads/kotlin)
21-08-2020 13:42:47  INFO 4510 --- [           main] runsystem.vn.kotlin.KotlinApplicationKt  : The following profiles are active: dev
21-08-2020 13:42:50  INFO 4510 --- [           main] runsystem.vn.kotlin.KotlinApplicationKt  : Started KotlinApplicationKt in 4.251 seconds (JVM running for 4.926)
21-08-2020 13:43:04  INFO 4510 --- [nio-8081-exec-1] runsystem.vn.kotlin.LoggingService       : REQUEST method=[POST] path=[/api/v1/add] body=[{"name":"hahahaha","address":"Hà Nội","age":11}]
21-08-2020 13:43:04  INFO 4510 --- [nio-8081-exec-1] runsystem.vn.kotlin.LoggingService       : RESPONSE method=[POST] path=[/api/v1/add] responseHeaders=[{}] responseBody=[{"result":"NG","code":"1111","message":"Hello World"}] 
21-08-2020 13:43:15  INFO 4510 --- [nio-8081-exec-2] runsystem.vn.kotlin.LoggingService       : REQUEST method=[POST] path=[/api/v1/add] body=[{"name":"hahahaha","address":"Hà Nội","age":11}]
21-08-2020 13:43:15  INFO 4510 --- [nio-8081-exec-2] runsystem.vn.kotlin.LoggingService       : RESPONSE method=[POST] path=[/api/v1/add] responseHeaders=[{}] responseBody=[{"result":"NG","code":"11111","message":"","fieldErrors":[{"field":"age","message":"Please, insert an age above 11 years old"}]}] 
21-08-2020 13:43:51  INFO 4526 --- [           main] runsystem.vn.kotlin.KotlinApplicationKt  : Starting KotlinApplicationKt on Nguyens-MacBook-Pro.local with PID 4526 (/Users/nguyenhoanghiep/Downloads/kotlin/build/classes/kotlin/main started by nguyenhoanghiep in /Users/nguyenhoanghiep/Downloads/kotlin)
21-08-2020 13:43:51  INFO 4526 --- [           main] runsystem.vn.kotlin.KotlinApplicationKt  : The following profiles are active: dev
21-08-2020 13:43:55  INFO 4526 --- [           main] runsystem.vn.kotlin.KotlinApplicationKt  : Started KotlinApplicationKt in 4.537 seconds (JVM running for 5.212)
21-08-2020 13:44:01  INFO 4526 --- [nio-8081-exec-1] runsystem.vn.kotlin.LoggingService       : REQUEST method=[POST] path=[/api/v1/add] body=[{"name":"hahahaha","address":"Hà Nội","age":11}]
21-08-2020 13:44:01  INFO 4526 --- [nio-8081-exec-1] runsystem.vn.kotlin.LoggingService       : RESPONSE method=[POST] path=[/api/v1/add] responseHeaders=[{}] responseBody=[{"result":"NG","code":"11111","message":"","fieldErrors":[{"field":"age","message":"Please, insert an age above 11 years old"}]}] 
21-08-2020 13:44:09  INFO 4526 --- [nio-8081-exec-2] runsystem.vn.kotlin.LoggingService       : REQUEST method=[POST] path=[/api/v1/add] body=[{"name":"hahahaha","address":"Hà Nội","age":11}]
21-08-2020 13:44:09  INFO 4526 --- [nio-8081-exec-2] runsystem.vn.kotlin.LoggingService       : RESPONSE method=[POST] path=[/api/v1/add] responseHeaders=[{}] responseBody=[{"result":"NG","code":"11111","message":"","fieldErrors":[{"field":"age","message":"Please, insert an age above 11 years old"}]}] 
21-08-2020 13:44:19  INFO 4526 --- [nio-8081-exec-3] runsystem.vn.kotlin.LoggingService       : REQUEST method=[POST] path=[/api/v1/add] body=[{"name":"hahahaha","address":"Hà Nội","age":11}]
21-08-2020 13:44:19  INFO 4526 --- [nio-8081-exec-3] runsystem.vn.kotlin.LoggingService       : RESPONSE method=[POST] path=[/api/v1/add] responseHeaders=[{}] responseBody=[{"result":"NG","code":"11111","message":"","fieldErrors":[{"field":"age","message":"Please, insert an age above 11 years old"}]}] 
21-08-2020 13:46:09  INFO 4579 --- [           main] runsystem.vn.kotlin.KotlinApplicationKt  : Starting KotlinApplicationKt on Nguyens-MacBook-Pro.local with PID 4579 (/Users/nguyenhoanghiep/Downloads/kotlin/build/classes/kotlin/main started by nguyenhoanghiep in /Users/nguyenhoanghiep/Downloads/kotlin)
21-08-2020 13:46:09  INFO 4579 --- [           main] runsystem.vn.kotlin.KotlinApplicationKt  : The following profiles are active: dev
21-08-2020 13:46:13  INFO 4579 --- [           main] runsystem.vn.kotlin.KotlinApplicationKt  : Started KotlinApplicationKt in 4.441 seconds (JVM running for 5.066)
21-08-2020 13:46:20  INFO 4579 --- [nio-8081-exec-1] runsystem.vn.kotlin.LoggingService       : REQUEST method=[POST] path=[/api/v1/add] body=[{"name":"hahahaha","address":"Hà Nội","age":11}]
21-08-2020 13:46:20  INFO 4579 --- [nio-8081-exec-1] runsystem.vn.kotlin.LoggingService       : RESPONSE method=[POST] path=[/api/v1/add] responseHeaders=[{}] responseBody=[{"result":"NG","code":"11111","message":"","fieldErrors":[{"field":"age","message":"Please, insert an age above 11 years old"}]}] 
21-08-2020 13:46:26  INFO 4579 --- [nio-8081-exec-2] runsystem.vn.kotlin.LoggingService       : REQUEST method=[POST] path=[/api/v1/add] body=[{"name":"hahahaha","address":"Hà Nội","age":11}]
21-08-2020 13:46:26  INFO 4579 --- [nio-8081-exec-2] runsystem.vn.kotlin.LoggingService       : RESPONSE method=[POST] path=[/api/v1/add] responseHeaders=[{}] responseBody=[{"result":"NG","code":"11111","message":"","fieldErrors":[{"field":"age","message":"Please, insert an age above 11 years old"}]}] 
21-08-2020 13:46:38  INFO 4579 --- [nio-8081-exec-3] runsystem.vn.kotlin.LoggingService       : REQUEST method=[POST] path=[/api/v1/add] body=[{"name":"hahahaha","address":"Hà Nội","age":11}]
21-08-2020 13:46:38  INFO 4579 --- [nio-8081-exec-3] runsystem.vn.kotlin.LoggingService       : RESPONSE method=[POST] path=[/api/v1/add] responseHeaders=[{}] responseBody=[{"result":"NG","code":"11111","message":"","fieldErrors":[{"field":"age","message":"Please, insert an age above 11 years old"}]}] 
21-08-2020 13:49:37  INFO 4609 --- [           main] runsystem.vn.kotlin.KotlinApplicationKt  : Starting KotlinApplicationKt on Nguyens-MacBook-Pro.local with PID 4609 (/Users/nguyenhoanghiep/Downloads/kotlin/build/classes/kotlin/main started by nguyenhoanghiep in /Users/nguyenhoanghiep/Downloads/kotlin)
21-08-2020 13:49:37  INFO 4609 --- [           main] runsystem.vn.kotlin.KotlinApplicationKt  : The following profiles are active: dev
21-08-2020 13:49:42  INFO 4609 --- [           main] runsystem.vn.kotlin.KotlinApplicationKt  : Started KotlinApplicationKt in 5.139 seconds (JVM running for 5.988)
21-08-2020 13:49:58  INFO 4609 --- [nio-8081-exec-1] runsystem.vn.kotlin.LoggingService       : REQUEST method=[GET] path=[/api/v1/1] 
21-08-2020 13:49:58  INFO 4609 --- [nio-8081-exec-1] runsystem.vn.kotlin.LoggingService       : RESPONSE method=[GET] path=[/api/v1/1] responseHeaders=[{}] responseBody=[{"result":"OK","code":"9999","message":"Hello World","user":{"id":1,"name":"Hiệp","address":"ĐồngNai","date":{"year":2020,"monthValue":8,"dayOfMonth":17,"hour":15,"minute":13,"second":10,"month":"AUGUST","dayOfWeek":"MONDAY","dayOfYear":230,"nano":0,"chronology":{"calendarType":"iso8601","id":"ISO"}}}}] 
21-08-2020 13:50:08  INFO 4609 --- [nio-8081-exec-2] runsystem.vn.kotlin.LoggingService       : REQUEST method=[GET] path=[/api/v1/1] 
21-08-2020 13:50:08  INFO 4609 --- [nio-8081-exec-2] runsystem.vn.kotlin.LoggingService       : RESPONSE method=[GET] path=[/api/v1/1] responseHeaders=[{}] responseBody=[{"result":"OK","code":"9999","message":"Hello World","user":{"id":1,"name":"Hiệp","address":"ĐồngNai","date":{"year":2020,"monthValue":8,"dayOfMonth":17,"hour":15,"minute":13,"second":10,"month":"AUGUST","dayOfWeek":"MONDAY","dayOfYear":230,"nano":0,"chronology":{"calendarType":"iso8601","id":"ISO"}}}}] 
21-08-2020 13:50:52  INFO 4626 --- [           main] runsystem.vn.kotlin.KotlinApplicationKt  : Starting KotlinApplicationKt on Nguyens-MacBook-Pro.local with PID 4626 (/Users/nguyenhoanghiep/Downloads/kotlin/build/classes/kotlin/main started by nguyenhoanghiep in /Users/nguyenhoanghiep/Downloads/kotlin)
21-08-2020 13:50:52  INFO 4626 --- [           main] runsystem.vn.kotlin.KotlinApplicationKt  : The following profiles are active: dev
21-08-2020 13:50:56  INFO 4626 --- [           main] runsystem.vn.kotlin.KotlinApplicationKt  : Started KotlinApplicationKt in 3.982 seconds (JVM running for 4.838)
21-08-2020 13:50:59  INFO 4626 --- [nio-8081-exec-1] runsystem.vn.kotlin.LoggingService       : REQUEST method=[GET] path=[/api/v1/1] 
21-08-2020 13:51:00  INFO 4626 --- [nio-8081-exec-1] runsystem.vn.kotlin.LoggingService       : RESPONSE method=[GET] path=[/api/v1/1] responseHeaders=[{}] responseBody=[{"result":"OK","code":"9999","message":"Hello World","user":{"id":1,"name":"Hiệp","address":"ĐồngNai","date":{"month":"AUGUST","dayOfWeek":"MONDAY","dayOfYear":230,"nano":0,"year":2020,"monthValue":8,"dayOfMonth":17,"hour":15,"minute":13,"second":10,"chronology":{"calendarType":"iso8601","id":"ISO"}}}}] 
21-08-2020 13:51:34  INFO 4631 --- [           main] runsystem.vn.kotlin.KotlinApplicationKt  : Starting KotlinApplicationKt on Nguyens-MacBook-Pro.local with PID 4631 (/Users/nguyenhoanghiep/Downloads/kotlin/build/classes/kotlin/main started by nguyenhoanghiep in /Users/nguyenhoanghiep/Downloads/kotlin)
21-08-2020 13:51:34  INFO 4631 --- [           main] runsystem.vn.kotlin.KotlinApplicationKt  : The following profiles are active: dev
21-08-2020 13:51:37  INFO 4631 --- [           main] runsystem.vn.kotlin.KotlinApplicationKt  : Started KotlinApplicationKt in 3.37 seconds (JVM running for 3.899)
21-08-2020 13:51:45  INFO 4631 --- [nio-8081-exec-1] runsystem.vn.kotlin.LoggingService       : REQUEST method=[GET] path=[/api/v1/1] 
21-08-2020 13:51:45  INFO 4631 --- [nio-8081-exec-1] runsystem.vn.kotlin.LoggingService       : RESPONSE method=[GET] path=[/api/v1/1] responseHeaders=[{}] responseBody=[{"result":"OK","code":"9999","message":"こんにちは世aaa界babb","user":{"id":1,"name":"Hiệp","address":"ĐồngNai","date":{"year":2020,"monthValue":8,"dayOfMonth":17,"hour":15,"minute":13,"second":10,"nano":0,"month":"AUGUST","dayOfWeek":"MONDAY","dayOfYear":230,"chronology":{"id":"ISO","calendarType":"iso8601"}}}}] 
21-08-2020 13:52:03  INFO 4631 --- [nio-8081-exec-2] runsystem.vn.kotlin.LoggingService       : REQUEST method=[GET] path=[/api/v1/add] 
21-08-2020 13:52:11  INFO 4631 --- [nio-8081-exec-3] runsystem.vn.kotlin.LoggingService       : REQUEST method=[POST] path=[/api/v1/add] body=[{"name":"hahahaha","address":"Hà Nội","age":11}]
21-08-2020 13:52:11  INFO 4631 --- [nio-8081-exec-3] runsystem.vn.kotlin.LoggingService       : RESPONSE method=[POST] path=[/api/v1/add] responseHeaders=[{}] responseBody=[{"result":"NG","code":"1111","message":"こんにちは世12界33"}] 
21-08-2020 13:53:19  INFO 4639 --- [           main] runsystem.vn.kotlin.KotlinApplicationKt  : Starting KotlinApplicationKt on Nguyens-MacBook-Pro.local with PID 4639 (/Users/nguyenhoanghiep/Downloads/kotlin/build/classes/kotlin/main started by nguyenhoanghiep in /Users/nguyenhoanghiep/Downloads/kotlin)
21-08-2020 13:53:19  INFO 4639 --- [           main] runsystem.vn.kotlin.KotlinApplicationKt  : The following profiles are active: dev
21-08-2020 13:53:23  INFO 4639 --- [           main] runsystem.vn.kotlin.KotlinApplicationKt  : Started KotlinApplicationKt in 4.573 seconds (JVM running for 5.401)
21-08-2020 13:53:56  INFO 4639 --- [nio-8081-exec-1] runsystem.vn.kotlin.LoggingService       : REQUEST method=[POST] path=[/api/v1/add] body=[{"name":"hahahaha","address":"Hà Nội","age":11}]
21-08-2020 13:54:13  INFO 4639 --- [nio-8081-exec-1] runsystem.vn.kotlin.LoggingService       : RESPONSE method=[POST] path=[/api/v1/add] responseHeaders=[{}] responseBody=[{"result":"NG","code":"1111","message":"こんにちは世12界33"}] 
21-08-2020 14:04:30  INFO 4639 --- [nio-8081-exec-2] runsystem.vn.kotlin.LoggingService       : REQUEST method=[POST] path=[/api/v1/add] body=[{"name":"hahahaha","address":"Hà Nội","age":11}]
21-08-2020 14:05:01  INFO 4639 --- [nio-8081-exec-2] runsystem.vn.kotlin.LoggingService       : RESPONSE method=[POST] path=[/api/v1/add] responseHeaders=[{}] responseBody=[{"result":"NG","code":"1111","message":"こんにちは世12界33"}] 
21-08-2020 14:06:23  INFO 4639 --- [nio-8081-exec-3] runsystem.vn.kotlin.LoggingService       : REQUEST method=[POST] path=[/api/v1/add] body=[{"name":"hahahaha","address":"Hà Nội","age":11}]
21-08-2020 14:06:39  INFO 4639 --- [nio-8081-exec-3] runsystem.vn.kotlin.LoggingService       : RESPONSE method=[POST] path=[/api/v1/add] responseHeaders=[{}] responseBody=[{"result":"NG","code":"1111","message":"こんにちは世12界33"}] 
21-08-2020 14:06:57  INFO 4639 --- [nio-8081-exec-4] runsystem.vn.kotlin.LoggingService       : REQUEST method=[POST] path=[/api/v1/add] body=[{"name":"hahahaha","address":"Hà Nội","age":11}]
21-08-2020 14:07:10  INFO 4639 --- [nio-8081-exec-4] runsystem.vn.kotlin.LoggingService       : RESPONSE method=[POST] path=[/api/v1/add] responseHeaders=[{}] responseBody=[{"result":"NG","code":"1111","message":"こんにちは世12界33"}] 
21-08-2020 14:10:49  INFO 4639 --- [nio-8081-exec-5] runsystem.vn.kotlin.LoggingService       : REQUEST method=[POST] path=[/api/v1/add] body=[{"name":"hahahaha","address":"Hà Nội","age":11}]
21-08-2020 14:11:22  INFO 4639 --- [nio-8081-exec-5] runsystem.vn.kotlin.LoggingService       : RESPONSE method=[POST] path=[/api/v1/add] responseHeaders=[{}] responseBody=[{"result":"NG","code":"1111","message":"こんにちは世12界33"}] 
21-08-2020 14:21:59  INFO 4856 --- [           main] runsystem.vn.kotlin.KotlinApplicationKt  : Starting KotlinApplicationKt on Nguyens-MacBook-Pro.local with PID 4856 (/Users/nguyenhoanghiep/Downloads/kotlin/build/classes/kotlin/main started by nguyenhoanghiep in /Users/nguyenhoanghiep/Downloads/kotlin)
21-08-2020 14:21:59  INFO 4856 --- [           main] runsystem.vn.kotlin.KotlinApplicationKt  : The following profiles are active: dev
21-08-2020 14:22:02  INFO 4856 --- [           main] runsystem.vn.kotlin.KotlinApplicationKt  : Started KotlinApplicationKt in 4.418 seconds (JVM running for 6.078)
21-08-2020 14:22:06  INFO 4856 --- [nio-8081-exec-1] runsystem.vn.kotlin.LoggingService       : REQUEST method=[POST] path=[/api/v1/add] body=[{"name":"hahahaha","address":"Hà Nội","age":11}]
21-08-2020 14:22:06  INFO 4856 --- [nio-8081-exec-1] runsystem.vn.kotlin.LoggingService       : RESPONSE method=[POST] path=[/api/v1/add] responseHeaders=[{}] responseBody=[{"result":"NG","code":"1111","message":"こんにちは世12界33"}] 
21-08-2020 14:24:52  INFO 4905 --- [           main] runsystem.vn.kotlin.KotlinApplicationKt  : Starting KotlinApplicationKt on Nguyens-MacBook-Pro.local with PID 4905 (/Users/nguyenhoanghiep/Downloads/kotlin/build/classes/kotlin/main started by nguyenhoanghiep in /Users/nguyenhoanghiep/Downloads/kotlin)
21-08-2020 14:24:52  INFO 4905 --- [           main] runsystem.vn.kotlin.KotlinApplicationKt  : The following profiles are active: dev
21-08-2020 14:24:57  INFO 4905 --- [           main] runsystem.vn.kotlin.KotlinApplicationKt  : Started KotlinApplicationKt in 5.62 seconds (JVM running for 7.53)
21-08-2020 14:25:03  INFO 4905 --- [nio-8081-exec-1] runsystem.vn.kotlin.LoggingService       : REQUEST method=[GET] path=[/api/v1/1] 
21-08-2020 14:25:04  INFO 4905 --- [nio-8081-exec-1] runsystem.vn.kotlin.LoggingService       : RESPONSE method=[GET] path=[/api/v1/1] responseHeaders=[{}] responseBody=[{"result":"OK","code":"9999","message":"こんにちは世aaa界babb","user":{"id":1,"name":"Hiệp","address":"ĐồngNai","date":{"nano":0,"month":"AUGUST","dayOfWeek":"MONDAY","dayOfYear":230,"year":2020,"monthValue":8,"dayOfMonth":17,"hour":15,"minute":13,"second":10,"chronology":{"id":"ISO","calendarType":"iso8601"}}}}] 
21-08-2020 14:25:58  INFO 4916 --- [           main] runsystem.vn.kotlin.KotlinApplicationKt  : Starting KotlinApplicationKt on Nguyens-MacBook-Pro.local with PID 4916 (/Users/nguyenhoanghiep/Downloads/kotlin/build/classes/kotlin/main started by nguyenhoanghiep in /Users/nguyenhoanghiep/Downloads/kotlin)
21-08-2020 14:25:58  INFO 4916 --- [           main] runsystem.vn.kotlin.KotlinApplicationKt  : The following profiles are active: dev
21-08-2020 14:26:01  INFO 4916 --- [           main] runsystem.vn.kotlin.KotlinApplicationKt  : Started KotlinApplicationKt in 3.94 seconds (JVM running for 6.12)
21-08-2020 14:26:04  INFO 4916 --- [nio-8081-exec-1] runsystem.vn.kotlin.LoggingService       : REQUEST method=[GET] path=[/api/v1/1] 
21-08-2020 14:26:04  INFO 4916 --- [nio-8081-exec-1] runsystem.vn.kotlin.LoggingService       : RESPONSE method=[GET] path=[/api/v1/1] responseHeaders=[{}] responseBody=[{"result":"OK","code":"9999","message":"こんにちは世aaa界babb","user":{"id":1,"name":"Hiệp","address":"ĐồngNai","date":{"nano":0,"year":2020,"monthValue":8,"dayOfMonth":17,"hour":15,"minute":13,"second":10,"month":"AUGUST","dayOfWeek":"MONDAY","dayOfYear":230,"chronology":{"calendarType":"iso8601","id":"ISO"}}}}] 
21-08-2020 14:26:18  INFO 4916 --- [nio-8081-exec-2] runsystem.vn.kotlin.LoggingService       : REQUEST method=[POST] path=[/api/v1/add] body=[{"name":"hahahaha","address":"Hà Nội","age":11}]
21-08-2020 14:26:18  INFO 4916 --- [nio-8081-exec-2] runsystem.vn.kotlin.LoggingService       : RESPONSE method=[POST] path=[/api/v1/add] responseHeaders=[{}] responseBody=[{"result":"NG","code":"1111","message":"Hello World"}] 
21-08-2020 14:26:54  INFO 4929 --- [           main] runsystem.vn.kotlin.KotlinApplicationKt  : Starting KotlinApplicationKt on Nguyens-MacBook-Pro.local with PID 4929 (/Users/nguyenhoanghiep/Downloads/kotlin/build/classes/kotlin/main started by nguyenhoanghiep in /Users/nguyenhoanghiep/Downloads/kotlin)
21-08-2020 14:26:54  INFO 4929 --- [           main] runsystem.vn.kotlin.KotlinApplicationKt  : The following profiles are active: dev
21-08-2020 14:26:58  INFO 4929 --- [           main] runsystem.vn.kotlin.KotlinApplicationKt  : Started KotlinApplicationKt in 3.948 seconds (JVM running for 4.797)
21-08-2020 14:27:01  INFO 4929 --- [nio-8081-exec-1] runsystem.vn.kotlin.LoggingService       : REQUEST method=[POST] path=[/api/v1/add] body=[{"name":"hahahaha","address":"Hà Nội","age":11}]
21-08-2020 14:27:01  INFO 4929 --- [nio-8081-exec-1] runsystem.vn.kotlin.LoggingService       : RESPONSE method=[POST] path=[/api/v1/add] responseHeaders=[{}] responseBody=[{"result":"NG","code":"1111","message":"こんにちは世12界33"}] 
21-08-2020 14:28:29  INFO 4940 --- [           main] runsystem.vn.kotlin.KotlinApplicationKt  : Starting KotlinApplicationKt on Nguyens-MacBook-Pro.local with PID 4940 (/Users/nguyenhoanghiep/Downloads/kotlin/build/classes/kotlin/main started by nguyenhoanghiep in /Users/nguyenhoanghiep/Downloads/kotlin)
21-08-2020 14:28:29  INFO 4940 --- [           main] runsystem.vn.kotlin.KotlinApplicationKt  : The following profiles are active: dev
21-08-2020 14:28:33  INFO 4940 --- [           main] runsystem.vn.kotlin.KotlinApplicationKt  : Started KotlinApplicationKt in 4.674 seconds (JVM running for 5.707)
21-08-2020 14:29:05  INFO 4940 --- [nio-8081-exec-1] runsystem.vn.kotlin.LoggingService       : REQUEST method=[POST] path=[/api/v1/add] body=[{"name":"hahahaha","address":"Hà Nội","age":11}]
21-08-2020 14:30:44  INFO 4940 --- [nio-8081-exec-1] runsystem.vn.kotlin.LoggingService       : RESPONSE method=[POST] path=[/api/v1/add] responseHeaders=[{}] responseBody=[{"result":"NG","code":"1111","message":"こんにちは世12界33"}] 
21-08-2020 14:31:16  INFO 4940 --- [nio-8081-exec-2] runsystem.vn.kotlin.LoggingService       : REQUEST method=[POST] path=[/api/v1/add] body=[{"name":"hahahaha","address":"Hà Nội","age":11}]
21-08-2020 14:32:26  INFO 4940 --- [nio-8081-exec-2] runsystem.vn.kotlin.LoggingService       : RESPONSE method=[POST] path=[/api/v1/add] responseHeaders=[{}] responseBody=[{"result":"NG","code":"1111","message":"こんにちは世12界33"}] 
21-08-2020 14:33:14  INFO 4954 --- [           main] runsystem.vn.kotlin.KotlinApplicationKt  : Starting KotlinApplicationKt on Nguyens-MacBook-Pro.local with PID 4954 (/Users/nguyenhoanghiep/Downloads/kotlin/build/classes/kotlin/main started by nguyenhoanghiep in /Users/nguyenhoanghiep/Downloads/kotlin)
21-08-2020 14:33:14  INFO 4954 --- [           main] runsystem.vn.kotlin.KotlinApplicationKt  : The following profiles are active: dev
21-08-2020 14:33:18  INFO 4954 --- [           main] runsystem.vn.kotlin.KotlinApplicationKt  : Started KotlinApplicationKt in 4.907 seconds (JVM running for 5.729)
21-08-2020 14:33:22  INFO 4954 --- [nio-8081-exec-1] runsystem.vn.kotlin.LoggingService       : REQUEST method=[POST] path=[/api/v1/add] body=[{"name":"hahahaha","address":"Hà Nội","age":11}]
21-08-2020 14:33:28  INFO 4954 --- [nio-8081-exec-1] runsystem.vn.kotlin.LoggingService       : RESPONSE method=[POST] path=[/api/v1/add] responseHeaders=[{}] responseBody=[{"result":"NG","code":"11111","message":"","fieldErrors":[{"field":"age","message":"11歳以上の年齢を入力してください11"}]}] 
21-08-2020 14:34:31  INFO 4954 --- [nio-8081-exec-2] runsystem.vn.kotlin.LoggingService       : REQUEST method=[POST] path=[/api/v1/add] body=[{"name":"hahahaha","address":"Hà Nội","age":11}]
21-08-2020 14:34:31  INFO 4954 --- [nio-8081-exec-2] runsystem.vn.kotlin.LoggingService       : RESPONSE method=[POST] path=[/api/v1/add] responseHeaders=[{}] responseBody=[{"result":"NG","code":"11111","message":"","fieldErrors":[{"field":"age","message":"11歳以上の年齢を入力してください11"}]}] 
21-08-2020 14:34:41  INFO 4979 --- [           main] runsystem.vn.kotlin.KotlinApplicationKt  : Starting KotlinApplicationKt on Nguyens-MacBook-Pro.local with PID 4979 (/Users/nguyenhoanghiep/Downloads/kotlin/build/classes/kotlin/main started by nguyenhoanghiep in /Users/nguyenhoanghiep/Downloads/kotlin)
21-08-2020 14:34:41  INFO 4979 --- [           main] runsystem.vn.kotlin.KotlinApplicationKt  : The following profiles are active: dev
21-08-2020 14:34:46  INFO 4979 --- [           main] runsystem.vn.kotlin.KotlinApplicationKt  : Started KotlinApplicationKt in 4.954 seconds (JVM running for 5.861)
21-08-2020 14:34:53  INFO 4979 --- [nio-8081-exec-1] runsystem.vn.kotlin.LoggingService       : REQUEST method=[POST] path=[/api/v1/add] body=[{"name":"hahahaha","address":"Hà Nội","age":11}]
21-08-2020 14:35:23  INFO 4979 --- [nio-8081-exec-1] runsystem.vn.kotlin.LoggingService       : RESPONSE method=[POST] path=[/api/v1/add] responseHeaders=[{}] responseBody=[{"result":"NG","code":"11111","message":"","fieldErrors":[{"field":"age","message":"11歳以上の年齢を入力してください11"}]}] 
